<?xml version="1.0" encoding="UTF-8"?>
<!-- Generated by org.testng.reporters.JUnitXMLReporter -->
<testsuite ignored="0" hostname="AnkitSDEV00680" failures="0" tests="4" name="Test1" time="23.115" errors="0" timestamp="2024-04-23T19:20:40 IST">
  <testcase classname="qa.tests.RegistrationPageVerification" name="verifyAllFieldsAreRequired" time="2.669"/>
  <testcase classname="qa.tests.RegistrationPageVerification" name="verifyMailFormat" time="3.067"/>
  <testcase classname="qa.tests.RegistrationPageVerification" name="verifyPasswordLength" time="3.614"/>
  <testcase classname="qa.tests.RegistrationPageVerification" name="verifyUnmatchPassword" time="2.963"/>
</testsuite> <!-- Test1 -->
